;  LST file generated by mikroListExporter - v.2.0 
; Date/Time: 12/11/2022 15:16:32
;----------------------------------------------

;Address Opcode 	ASM
0x0000	0x2815      	GOTO       21
_____DoICP:
;__Lib_System.c,6 :: 		
;__Lib_System.c,9 :: 		
0x0003	0x1283      	BCF        STATUS, 5
0x0004	0x083F      	MOVF       ___DoICPAddr+1, 0
0x0005	0x008A      	MOVWF      PCLATH
;__Lib_System.c,10 :: 		
0x0006	0x083E      	MOVF       ___DoICPAddr, 0
0x0007	0x0082      	MOVWF      PCL
;__Lib_System.c,12 :: 		
L_end_____DoICP:
0x0008	0x0008      	RETURN
; end of _____DoICP
___CC2DW:
;__Lib_System.c,134 :: 		
;__Lib_System.c,137 :: 		
_CC2D_Loop1:
;__Lib_System.c,139 :: 		
0x0009	0x2003      	CALL       _____DoICP
0x000A	0x118A      	BCF        PCLATH, 3
0x000B	0x120A      	BCF        PCLATH, 4
;__Lib_System.c,141 :: 		
0x000C	0x0080      	MOVWF      INDF
;__Lib_System.c,142 :: 		
0x000D	0x0A84      	INCF       FSR, 1
;__Lib_System.c,143 :: 		
0x000E	0x0ABE      	INCF       ___DoICPAddr, 1
;__Lib_System.c,145 :: 		
0x000F	0x1903      	BTFSC      STATUS, 2
;__Lib_System.c,146 :: 		
0x0010	0x0ABF      	INCF       ___DoICPAddr+1, 1
;__Lib_System.c,147 :: 		
0x0011	0x03C0      	DECF       R0, 1
;__Lib_System.c,149 :: 		
0x0012	0x1D03      	BTFSS      STATUS, 2
;__Lib_System.c,150 :: 		
0x0013	0x2809      	GOTO       _CC2D_Loop1
;__Lib_System.c,152 :: 		
L_end___CC2DW:
0x0014	0x0008      	RETURN
; end of ___CC2DW
_main:
0x0015	0x2080      	CALL       128
;Affichage_par_Décalage.c,3 :: 		void main() {
;Affichage_par_Décalage.c,4 :: 		TRISB=0;
0x0016	0x1683      	BSF        STATUS, 5
0x0017	0x0186      	CLRF       TRISB
;Affichage_par_Décalage.c,5 :: 		for(i=0;i<23;i++){
0x0018	0x01BC      	CLRF       _i
0x0019	0x01BD      	CLRF       _i+1
L_main0:
0x001A	0x3080      	MOVLW      128
0x001B	0x063D      	XORWF      _i+1, 0
0x001C	0x00C0      	MOVWF      R0
0x001D	0x3080      	MOVLW      128
0x001E	0x0240      	SUBWF      R0, 0
0x001F	0x1D03      	BTFSS      STATUS, 2
0x0020	0x2823      	GOTO       L__main6
0x0021	0x3017      	MOVLW      23
0x0022	0x023C      	SUBWF      _i, 0
L__main6:
0x0023	0x1803      	BTFSC      STATUS, 0
0x0024	0x2849      	GOTO       L_main1
;Affichage_par_Décalage.c,6 :: 		if(Tab[i]==1){
0x0025	0x083C      	MOVF       _i, 0
0x0026	0x00C0      	MOVWF      R0
0x0027	0x083D      	MOVF       _i+1, 0
0x0028	0x00C1      	MOVWF      R0+1
0x0029	0x0DC0      	RLF        R0, 1
0x002A	0x0DC1      	RLF        R0+1, 1
0x002B	0x1040      	BCF        R0, 0
0x002C	0x0840      	MOVF       R0, 0
0x002D	0x3E0C      	ADDLW      _Tab
0x002E	0x0084      	MOVWF      FSR
0x002F	0x0800      	MOVF       INDF, 0
0x0030	0x00C1      	MOVWF      R1
0x0031	0x0A84      	INCF       FSR, 1
0x0032	0x0800      	MOVF       INDF, 0
0x0033	0x00C2      	MOVWF      R1+1
0x0034	0x3000      	MOVLW      0
0x0035	0x0642      	XORWF      R1+1, 0
0x0036	0x1D03      	BTFSS      STATUS, 2
0x0037	0x283A      	GOTO       L__main7
0x0038	0x3001      	MOVLW      1
0x0039	0x0641      	XORWF      R1, 0
L__main7:
0x003A	0x1D03      	BTFSS      STATUS, 2
0x003B	0x283F      	GOTO       L_main3
;Affichage_par_Décalage.c,7 :: 		PORTB.F1=1;
0x003C	0x1283      	BCF        STATUS, 5
0x003D	0x1486      	BSF        PORTB, 1
;Affichage_par_Décalage.c,8 :: 		}
0x003E	0x2841      	GOTO       L_main4
L_main3:
0x003F	0x1283      	BCF        STATUS, 5
;Affichage_par_Décalage.c,10 :: 		PORTB.F1=0;
0x0040	0x1086      	BCF        PORTB, 1
;Affichage_par_Décalage.c,11 :: 		}
L_main4:
;Affichage_par_Décalage.c,12 :: 		PORTB.F0=0;PORTB.F0=1;
0x0041	0x1006      	BCF        PORTB, 0
0x0042	0x1406      	BSF        PORTB, 0
;Affichage_par_Décalage.c,13 :: 		PORTB.F2=0;PORTB.F2=1;
0x0043	0x1106      	BCF        PORTB, 2
0x0044	0x1506      	BSF        PORTB, 2
;Affichage_par_Décalage.c,5 :: 		for(i=0;i<23;i++){
0x0045	0x0ABC      	INCF       _i, 1
0x0046	0x1903      	BTFSC      STATUS, 2
0x0047	0x0ABD      	INCF       _i+1, 1
;Affichage_par_Décalage.c,14 :: 		}
0x0048	0x281A      	GOTO       L_main0
L_main1:
;Affichage_par_Décalage.c,15 :: 		}
L_end_main:
0x0049	0x2849      	GOTO       $+0
; end of _main
0x0080	0x300C      	MOVLW      12
0x0081	0x0084      	MOVWF      FSR
0x0082	0x3030      	MOVLW      48
0x0083	0x1283      	BCF        STATUS, 5
0x0084	0x00C0      	MOVWF      R0
0x0085	0x304F      	MOVLW      79
0x0086	0x00BE      	MOVWF      ___DoICPAddr
0x0087	0x3000      	MOVLW      0
0x0088	0x00BF      	MOVWF      63
0x0089	0x2009      	CALL       9
0x008A	0x0008      	RETURN
;Affichage_par_Décalage.c,0 :: ?ICS_Tab
0x004F	0x3401 ;?ICS_Tab+0
0x0050	0x3400 ;?ICS_Tab+1
0x0051	0x3400 ;?ICS_Tab+2
0x0052	0x3400 ;?ICS_Tab+3
0x0053	0x3400 ;?ICS_Tab+4
0x0054	0x3400 ;?ICS_Tab+5
0x0055	0x3401 ;?ICS_Tab+6
0x0056	0x3400 ;?ICS_Tab+7
0x0057	0x3401 ;?ICS_Tab+8
0x0058	0x3400 ;?ICS_Tab+9
0x0059	0x3401 ;?ICS_Tab+10
0x005A	0x3400 ;?ICS_Tab+11
0x005B	0x3401 ;?ICS_Tab+12
0x005C	0x3400 ;?ICS_Tab+13
0x005D	0x3400 ;?ICS_Tab+14
0x005E	0x3400 ;?ICS_Tab+15
0x005F	0x3401 ;?ICS_Tab+16
0x0060	0x3400 ;?ICS_Tab+17
0x0061	0x3400 ;?ICS_Tab+18
0x0062	0x3400 ;?ICS_Tab+19
0x0063	0x3401 ;?ICS_Tab+20
0x0064	0x3400 ;?ICS_Tab+21
0x0065	0x3401 ;?ICS_Tab+22
0x0066	0x3400 ;?ICS_Tab+23
0x0067	0x3400 ;?ICS_Tab+24
0x0068	0x3400 ;?ICS_Tab+25
0x0069	0x3401 ;?ICS_Tab+26
0x006A	0x3400 ;?ICS_Tab+27
0x006B	0x3401 ;?ICS_Tab+28
0x006C	0x3400 ;?ICS_Tab+29
0x006D	0x3400 ;?ICS_Tab+30
0x006E	0x3400 ;?ICS_Tab+31
0x006F	0x3400 ;?ICS_Tab+32
0x0070	0x3400 ;?ICS_Tab+33
0x0071	0x3400 ;?ICS_Tab+34
0x0072	0x3400 ;?ICS_Tab+35
0x0073	0x3400 ;?ICS_Tab+36
0x0074	0x3400 ;?ICS_Tab+37
0x0075	0x3400 ;?ICS_Tab+38
0x0076	0x3400 ;?ICS_Tab+39
0x0077	0x3401 ;?ICS_Tab+40
0x0078	0x3400 ;?ICS_Tab+41
0x0079	0x3401 ;?ICS_Tab+42
0x007A	0x3400 ;?ICS_Tab+43
0x007B	0x3400 ;?ICS_Tab+44
0x007C	0x3400 ;?ICS_Tab+45
0x007D	0x3400 ;?ICS_Tab+46
0x007E	0x3400 ;?ICS_Tab+47
; end of ?ICS_Tab
Symbol List:
//** Routines locations **
//ADDRESS    SIZE    PROCEDURE
//----------------------------------------------
0x0003       [6]    _____DoICP
0x0009      [12]    ___CC2DW
0x0015      [52]    _main
//** Variables locations ** 
//ADDRESS    SIZE    VARIABLE
//----------------------------------------------
0x0000       [1]    INDF
0x0002       [1]    PCL
0x0003       [1]    STATUS
0x0004       [1]    FSR
0x0006       [1]    PORTB
0x000A       [1]    PCLATH
0x000C      [48]    _Tab
0x003C       [2]    _i
0x003E       [2]    ___DoICPAddr
0x0040       [1]    R0
0x0041       [1]    R1
0x0042       [1]    R2
0x0043       [1]    R3
0x0044       [1]    R4
0x0045       [1]    R5
0x0046       [1]    R6
0x0047       [1]    R7
0x0048       [1]    R8
0x0049       [1]    R9
0x004A       [1]    R10
0x004B       [1]    R11
0x004C       [1]    R12
0x004D       [1]    R13
0x004E       [1]    R14
0x004F       [1]    R15
0x0086       [1]    TRISB
//** Constants locations ** 
//ADDRESS    SIZE    CONSTANT
//----------------------------------------------
0x004F      [48]    ?ICS_Tab
