;  LST file generated by mikroListExporter - v.2.0 
; Date/Time: 12/11/2022 15:21:25
;----------------------------------------------

;Address Opcode 	ASM
0x0000	0x2815      	GOTO       21
_____DoICP:
;__Lib_System.c,6 :: 		
;__Lib_System.c,9 :: 		
0x0003	0x1283      	BCF        STATUS, 5
0x0004	0x0815      	MOVF       ___DoICPAddr+1, 0
0x0005	0x008A      	MOVWF      PCLATH
;__Lib_System.c,10 :: 		
0x0006	0x0814      	MOVF       ___DoICPAddr, 0
0x0007	0x0082      	MOVWF      PCL
;__Lib_System.c,12 :: 		
L_end_____DoICP:
0x0008	0x0008      	RETURN
; end of _____DoICP
___CC2DW:
;__Lib_System.c,134 :: 		
;__Lib_System.c,137 :: 		
_CC2D_Loop1:
;__Lib_System.c,139 :: 		
0x0009	0x2003      	CALL       _____DoICP
0x000A	0x118A      	BCF        PCLATH, 3
0x000B	0x120A      	BCF        PCLATH, 4
;__Lib_System.c,141 :: 		
0x000C	0x0080      	MOVWF      INDF
;__Lib_System.c,142 :: 		
0x000D	0x0A84      	INCF       FSR, 1
;__Lib_System.c,143 :: 		
0x000E	0x0A94      	INCF       ___DoICPAddr, 1
;__Lib_System.c,145 :: 		
0x000F	0x1903      	BTFSC      STATUS, 2
;__Lib_System.c,146 :: 		
0x0010	0x0A95      	INCF       ___DoICPAddr+1, 1
;__Lib_System.c,147 :: 		
0x0011	0x03C0      	DECF       R0, 1
;__Lib_System.c,149 :: 		
0x0012	0x1D03      	BTFSS      STATUS, 2
;__Lib_System.c,150 :: 		
0x0013	0x2809      	GOTO       _CC2D_Loop1
;__Lib_System.c,152 :: 		
L_end___CC2DW:
0x0014	0x0008      	RETURN
; end of ___CC2DW
_main:
0x0015	0x30F9      	MOVLW      249
0x0016	0x1283      	BCF        STATUS, 5
0x0017	0x008C      	MOVWF      _TAB
0x0018	0x018D      	CLRF       13
0x0019	0x30A4      	MOVLW      164
0x001A	0x008E      	MOVWF      14
0x001B	0x018F      	CLRF       15
0x001C	0x30B0      	MOVLW      176
0x001D	0x0090      	MOVWF      16
0x001E	0x0191      	CLRF       17
0x001F	0x3099      	MOVLW      153
0x0020	0x0092      	MOVWF      18
0x0021	0x0193      	CLRF       19
;Affichage_par_Chargement.c,2 :: 		void main() {
;Affichage_par_Chargement.c,3 :: 		TRISA=0;
0x0022	0x1683      	BSF        STATUS, 5
0x0023	0x0185      	CLRF       TRISA
;Affichage_par_Chargement.c,4 :: 		TRISB=0;
0x0024	0x0186      	CLRF       TRISB
;Affichage_par_Chargement.c,5 :: 		PORTB=TAB [0]; PORTA.f0=0; PORTA.f0=1;
0x0025	0x080C      	MOVF       _TAB, 0
0x0026	0x1283      	BCF        STATUS, 5
0x0027	0x0086      	MOVWF      PORTB
0x0028	0x1005      	BCF        PORTA, 0
0x0029	0x1405      	BSF        PORTA, 0
;Affichage_par_Chargement.c,6 :: 		PORTB=TAB [1]; PORTA.f1=0; PORTA.f1=1;
0x002A	0x080E      	MOVF       _TAB+2, 0
0x002B	0x0086      	MOVWF      PORTB
0x002C	0x1085      	BCF        PORTA, 1
0x002D	0x1485      	BSF        PORTA, 1
;Affichage_par_Chargement.c,7 :: 		PORTB=TAB [2]; PORTA.f2=0; PORTA.f2=1;
0x002E	0x0810      	MOVF       _TAB+4, 0
0x002F	0x0086      	MOVWF      PORTB
0x0030	0x1105      	BCF        PORTA, 2
0x0031	0x1505      	BSF        PORTA, 2
;Affichage_par_Chargement.c,8 :: 		PORTB=TAB [3]; PORTA.f3=0; PORTA.f3=1;
0x0032	0x0812      	MOVF       _TAB+6, 0
0x0033	0x0086      	MOVWF      PORTB
0x0034	0x1185      	BCF        PORTA, 3
0x0035	0x1585      	BSF        PORTA, 3
;Affichage_par_Chargement.c,9 :: 		}
L_end_main:
0x0036	0x2836      	GOTO       $+0
; end of _main
Symbol List:
//** Routines locations **
//ADDRESS    SIZE    PROCEDURE
//----------------------------------------------
0x0003       [6]    _____DoICP
0x0009      [12]    ___CC2DW
0x0015      [34]    _main
//** Variables locations ** 
//ADDRESS    SIZE    VARIABLE
//----------------------------------------------
0x0000       [1]    INDF
0x0002       [1]    PCL
0x0003       [1]    STATUS
0x0004       [1]    FSR
0x0005       [1]    PORTA
0x0006       [1]    PORTB
0x000A       [1]    PCLATH
0x000C       [8]    _TAB
0x0014       [2]    ___DoICPAddr
0x0040       [1]    R0
0x0041       [1]    R1
0x0042       [1]    R2
0x0043       [1]    R3
0x0044       [1]    R4
0x0045       [1]    R5
0x0046       [1]    R6
0x0047       [1]    R7
0x0048       [1]    R8
0x0049       [1]    R9
0x004A       [1]    R10
0x004B       [1]    R11
0x004C       [1]    R12
0x004D       [1]    R13
0x004E       [1]    R14
0x004F       [1]    R15
0x0085       [1]    TRISA
0x0086       [1]    TRISB
