;  LST file generated by mikroListExporter - v.2.0 
; Date/Time: 12/11/2022 15:13:45
;----------------------------------------------

;Address Opcode 	ASM
0x0000	0x2816      	GOTO       22
_____DoICP:
;__Lib_System.c,6 :: 		
;__Lib_System.c,9 :: 		
0x0003	0x1283      	BCF        STATUS, 5
0x0004	0x1303      	BCF        STATUS, 6
0x0005	0x0849      	MOVF       ___DoICPAddr+1, 0
0x0006	0x008A      	MOVWF      PCLATH
;__Lib_System.c,10 :: 		
0x0007	0x0848      	MOVF       ___DoICPAddr, 0
0x0008	0x0082      	MOVWF      PCL
;__Lib_System.c,12 :: 		
L_end_____DoICP:
0x0009	0x0008      	RETURN
; end of _____DoICP
___CC2DW:
;__Lib_System.c,134 :: 		
;__Lib_System.c,137 :: 		
_CC2D_Loop1:
;__Lib_System.c,139 :: 		
0x000A	0x2003      	CALL       _____DoICP
0x000B	0x118A      	BCF        PCLATH, 3
0x000C	0x120A      	BCF        PCLATH, 4
;__Lib_System.c,141 :: 		
0x000D	0x0080      	MOVWF      INDF
;__Lib_System.c,142 :: 		
0x000E	0x0A84      	INCF       FSR, 1
;__Lib_System.c,143 :: 		
0x000F	0x0AC8      	INCF       ___DoICPAddr, 1
;__Lib_System.c,145 :: 		
0x0010	0x1903      	BTFSC      STATUS, 2
;__Lib_System.c,146 :: 		
0x0011	0x0AC9      	INCF       ___DoICPAddr+1, 1
;__Lib_System.c,147 :: 		
0x0012	0x03F0      	DECF       R0, 1
;__Lib_System.c,149 :: 		
0x0013	0x1D03      	BTFSS      STATUS, 2
;__Lib_System.c,150 :: 		
0x0014	0x280A      	GOTO       _CC2D_Loop1
;__Lib_System.c,152 :: 		
L_end___CC2DW:
0x0015	0x0008      	RETURN
; end of ___CC2DW
_main:
0x0016	0x2092      	CALL       146
;Compteur_Anode_Cathode.c,4 :: 		void main() {
;Compteur_Anode_Cathode.c,5 :: 		TRISB=0;
0x0017	0x1683      	BSF        STATUS, 5
0x0018	0x1303      	BCF        STATUS, 6
0x0019	0x0186      	CLRF       TRISB
;Compteur_Anode_Cathode.c,6 :: 		TRISC=0;
0x001A	0x0187      	CLRF       TRISC
;Compteur_Anode_Cathode.c,7 :: 		for(i=0;i<=9;i++){
0x001B	0x1283      	BCF        STATUS, 5
0x001C	0x01CA      	CLRF       _i
0x001D	0x01CB      	CLRF       _i+1
L_main0:
0x001E	0x3080      	MOVLW      128
0x001F	0x00F0      	MOVWF      R0
0x0020	0x3080      	MOVLW      128
0x0021	0x064B      	XORWF      _i+1, 0
0x0022	0x0270      	SUBWF      R0, 0
0x0023	0x1D03      	BTFSS      STATUS, 2
0x0024	0x2827      	GOTO       L__main8
0x0025	0x084A      	MOVF       _i, 0
0x0026	0x3C09      	SUBLW      9
L__main8:
0x0027	0x1C03      	BTFSS      STATUS, 0
0x0028	0x2864      	GOTO       L_main1
;Compteur_Anode_Cathode.c,8 :: 		for(j=0;j<=9;j++){
0x0029	0x01CC      	CLRF       _j
0x002A	0x01CD      	CLRF       _j+1
L_main3:
0x002B	0x3080      	MOVLW      128
0x002C	0x00F0      	MOVWF      R0
0x002D	0x3080      	MOVLW      128
0x002E	0x064D      	XORWF      _j+1, 0
0x002F	0x0270      	SUBWF      R0, 0
0x0030	0x1D03      	BTFSS      STATUS, 2
0x0031	0x2834      	GOTO       L__main9
0x0032	0x084C      	MOVF       _j, 0
0x0033	0x3C09      	SUBLW      9
L__main9:
0x0034	0x1C03      	BTFSS      STATUS, 0
0x0035	0x2860      	GOTO       L_main4
;Compteur_Anode_Cathode.c,9 :: 		PORTB=Tab2[i];
0x0036	0x084A      	MOVF       _i, 0
0x0037	0x00F0      	MOVWF      R0
0x0038	0x084B      	MOVF       _i+1, 0
0x0039	0x00F1      	MOVWF      R0+1
0x003A	0x0DF0      	RLF        R0, 1
0x003B	0x0DF1      	RLF        R0+1, 1
0x003C	0x1070      	BCF        R0, 0
0x003D	0x0870      	MOVF       R0, 0
0x003E	0x3E20      	ADDLW      _Tab2
0x003F	0x0084      	MOVWF      FSR
0x0040	0x0800      	MOVF       INDF, 0
0x0041	0x0086      	MOVWF      PORTB
;Compteur_Anode_Cathode.c,10 :: 		PORTC=Tab1[j];
0x0042	0x084C      	MOVF       _j, 0
0x0043	0x00F0      	MOVWF      R0
0x0044	0x084D      	MOVF       _j+1, 0
0x0045	0x00F1      	MOVWF      R0+1
0x0046	0x0DF0      	RLF        R0, 1
0x0047	0x0DF1      	RLF        R0+1, 1
0x0048	0x1070      	BCF        R0, 0
0x0049	0x0870      	MOVF       R0, 0
0x004A	0x3E34      	ADDLW      _Tab1
0x004B	0x0084      	MOVWF      FSR
0x004C	0x0800      	MOVF       INDF, 0
0x004D	0x0087      	MOVWF      PORTC
;Compteur_Anode_Cathode.c,11 :: 		delay_ms(500);
0x004E	0x3006      	MOVLW      6
0x004F	0x00FB      	MOVWF      R11
0x0050	0x3013      	MOVLW      19
0x0051	0x00FC      	MOVWF      R12
0x0052	0x30AD      	MOVLW      173
0x0053	0x00FD      	MOVWF      R13
L_main6:
0x0054	0x0BFD      	DECFSZ     R13, 1
0x0055	0x2854      	GOTO       L_main6
0x0056	0x0BFC      	DECFSZ     R12, 1
0x0057	0x2854      	GOTO       L_main6
0x0058	0x0BFB      	DECFSZ     R11, 1
0x0059	0x2854      	GOTO       L_main6
0x005A	0x0000      	NOP
0x005B	0x0000      	NOP
;Compteur_Anode_Cathode.c,8 :: 		for(j=0;j<=9;j++){
0x005C	0x0ACC      	INCF       _j, 1
0x005D	0x1903      	BTFSC      STATUS, 2
0x005E	0x0ACD      	INCF       _j+1, 1
;Compteur_Anode_Cathode.c,12 :: 		}
0x005F	0x282B      	GOTO       L_main3
L_main4:
;Compteur_Anode_Cathode.c,7 :: 		for(i=0;i<=9;i++){
0x0060	0x0ACA      	INCF       _i, 1
0x0061	0x1903      	BTFSC      STATUS, 2
0x0062	0x0ACB      	INCF       _i+1, 1
;Compteur_Anode_Cathode.c,13 :: 		}
0x0063	0x281E      	GOTO       L_main0
L_main1:
;Compteur_Anode_Cathode.c,14 :: 		}
L_end_main:
0x0064	0x2864      	GOTO       $+0
; end of _main
0x0092	0x3020      	MOVLW      32
0x0093	0x0084      	MOVWF      FSR
0x0094	0x3028      	MOVLW      40
0x0095	0x1283      	BCF        STATUS, 5
0x0096	0x1303      	BCF        STATUS, 6
0x0097	0x00F0      	MOVWF      R0
0x0098	0x306A      	MOVLW      106
0x0099	0x00C8      	MOVWF      ___DoICPAddr
0x009A	0x3000      	MOVLW      0
0x009B	0x00C9      	MOVWF      73
0x009C	0x200A      	CALL       10
0x009D	0x0008      	RETURN
;Compteur_Anode_Cathode.c,0 :: ?ICS_Tab2
0x006A	0x343F ;?ICS_Tab2+0
0x006B	0x3400 ;?ICS_Tab2+1
0x006C	0x3406 ;?ICS_Tab2+2
0x006D	0x3400 ;?ICS_Tab2+3
0x006E	0x345B ;?ICS_Tab2+4
0x006F	0x3400 ;?ICS_Tab2+5
0x0070	0x344F ;?ICS_Tab2+6
0x0071	0x3400 ;?ICS_Tab2+7
0x0072	0x3466 ;?ICS_Tab2+8
0x0073	0x3400 ;?ICS_Tab2+9
0x0074	0x346D ;?ICS_Tab2+10
0x0075	0x3400 ;?ICS_Tab2+11
0x0076	0x347D ;?ICS_Tab2+12
0x0077	0x3400 ;?ICS_Tab2+13
0x0078	0x3407 ;?ICS_Tab2+14
0x0079	0x3400 ;?ICS_Tab2+15
0x007A	0x347F ;?ICS_Tab2+16
0x007B	0x3400 ;?ICS_Tab2+17
0x007C	0x346F ;?ICS_Tab2+18
0x007D	0x3400 ;?ICS_Tab2+19
; end of ?ICS_Tab2
;Compteur_Anode_Cathode.c,0 :: ?ICS_Tab1
0x007E	0x34C0 ;?ICS_Tab1+0
0x007F	0x3400 ;?ICS_Tab1+1
0x0080	0x34F9 ;?ICS_Tab1+2
0x0081	0x3400 ;?ICS_Tab1+3
0x0082	0x34A4 ;?ICS_Tab1+4
0x0083	0x3400 ;?ICS_Tab1+5
0x0084	0x34B0 ;?ICS_Tab1+6
0x0085	0x3400 ;?ICS_Tab1+7
0x0086	0x3499 ;?ICS_Tab1+8
0x0087	0x3400 ;?ICS_Tab1+9
0x0088	0x3492 ;?ICS_Tab1+10
0x0089	0x3400 ;?ICS_Tab1+11
0x008A	0x3482 ;?ICS_Tab1+12
0x008B	0x3400 ;?ICS_Tab1+13
0x008C	0x34F8 ;?ICS_Tab1+14
0x008D	0x3400 ;?ICS_Tab1+15
0x008E	0x3480 ;?ICS_Tab1+16
0x008F	0x3400 ;?ICS_Tab1+17
0x0090	0x3490 ;?ICS_Tab1+18
0x0091	0x3400 ;?ICS_Tab1+19
; end of ?ICS_Tab1
Symbol List:
//** Routines locations **
//ADDRESS    SIZE    PROCEDURE
//----------------------------------------------
0x0003       [7]    _____DoICP
0x000A      [12]    ___CC2DW
0x0016      [78]    _main
//** Variables locations ** 
//ADDRESS    SIZE    VARIABLE
//----------------------------------------------
0x0000       [1]    INDF
0x0002       [1]    PCL
0x0003       [1]    STATUS
0x0004       [1]    FSR
0x0006       [1]    PORTB
0x0007       [1]    PORTC
0x000A       [1]    PCLATH
0x0020      [20]    _Tab2
0x0034      [20]    _Tab1
0x0048       [2]    ___DoICPAddr
0x004A       [2]    _i
0x004C       [2]    _j
0x0070       [1]    R0
0x0071       [1]    R1
0x0072       [1]    R2
0x0073       [1]    R3
0x0074       [1]    R4
0x0075       [1]    R5
0x0076       [1]    R6
0x0077       [1]    R7
0x0078       [1]    R8
0x0079       [1]    R9
0x007A       [1]    R10
0x007B       [1]    R11
0x007C       [1]    R12
0x007D       [1]    R13
0x007E       [1]    R14
0x007F       [1]    R15
0x0086       [1]    TRISB
0x0087       [1]    TRISC
//** Constants locations ** 
//ADDRESS    SIZE    CONSTANT
//----------------------------------------------
0x006A      [20]    ?ICS_Tab2
0x007E      [20]    ?ICS_Tab1
